<?xml version="1.0" encoding="UTF-8"?>
<testsuites name="New Test Suite" time="20.578" tests="1" failures="0" errors="0">
   <testsuite name="New Test Suite" tests="1" failures="0" errors="0" time="20.578" skipped="0" timestamp="2024-01-13 13:47:08" hostname="DELL - DESKTOP-T835F3C" id="Test Suites/New Test Suite">
      <properties>
         <property name="deviceName" value=""/>
         <property name="devicePlatform" value=""/>
         <property name="logFolder" value="D:\\MONHOC\\DoAnTotNghiep_2\\automation_2\\truyenteen.me\\Reports\\20240113_134706\\New Test Suite\\20240113_134706"/>
         <property name="logFiles" value="D:\\MONHOC\\DoAnTotNghiep_2\\automation_2\\truyenteen.me\\Reports\\20240113_134706\\New Test Suite\\20240113_134706\\execution0.log"/>
         <property name="attachments" value=""/>
         <property name="hostName" value="DELL - DESKTOP-T835F3C"/>
         <property name="os" value="Windows 10 64bit"/>
         <property name="katalonVersion" value="8.6.8.208"/>
         <property name="browser" value="Chrome 120.0.0.0"/>
         <property name="hostAddress" value="192.168.85.1"/>
         <property name="sessionId" value="fd45edd0137f11362a233fde358b956d"/>
         <property name="seleniumVersion" value="3.141.59"/>
         <property name="proxyInformation" value="ProxyInformation { proxyOption=NO_PROXY, proxyServerType=HTTP, username=, password=********, proxyServerAddress=, proxyServerPort=0, executionList=&quot;&quot;, isApplyToDesiredCapabilities=true }"/>
         <property name="platform" value="Windows 10"/>
      </properties>
      <testcase name="Test Cases/DangNhap/DangNhap_DieuKienEmailVaPassword_DapUng" time="20.185" classname="Test Cases/DangNhap/DangNhap_DieuKienEmailVaPassword_DapUng" status="PASSED">
         <system-out><![CDATA[2024-01-13 13:47:09 - [TEST_CASE][PASSED] - Test Cases/DangNhap/DangNhap_DieuKienEmailVaPassword_DapUng: Test Cases/DangNhap/DangNhap_DieuKienEmailVaPassword_DapUng

2024-01-13 13:47:09 - [TEST_STEP][PASSED] - openBrowser(""): Browser is opened with url: ''

2024-01-13 13:47:10 - [MESSAGE][INFO] - Starting 'Chrome' driver

2024-01-13 13:47:10 - [MESSAGE][INFO] - Action delay is set to 0 milliseconds

2024-01-13 13:47:12 - [MESSAGE][PASSED] - Browser is opened with url: ''

2024-01-13 13:47:12 - [TEST_STEP][PASSED] - navigateToUrl("https://truyenteen.me/"): Navigate to 'https://truyenteen.me/' successfully

2024-01-13 13:47:17 - [MESSAGE][PASSED] - Navigate to 'https://truyenteen.me/' successfully

2024-01-13 13:47:17 - [TEST_STEP][PASSED] - waitForElementPresent(findTestObject("Page_TrangChu/button_TurnAdOff"), 5): Object 'Object Repository/Page_TrangChu/button_TurnAdOff' is present

2024-01-13 13:47:18 - [MESSAGE][PASSED] - Object 'Object Repository/Page_TrangChu/button_TurnAdOff' is present

2024-01-13 13:47:18 - [TEST_STEP][PASSED] - click(findTestObject("Object Repository/Page_TrangChu/button_TurnAdOff")): Object: 'Object Repository/Page_TrangChu/button_TurnAdOff' is clicked on

2024-01-13 13:47:18 - [MESSAGE][PASSED] - Object: 'Object Repository/Page_TrangChu/button_TurnAdOff' is clicked on

2024-01-13 13:47:18 - [TEST_STEP][PASSED] - mouseOver(findTestObject("NavigationBar/dropdown_iconuser")): Object: 'Object Repository/NavigationBar/dropdown_iconuser' is hovered

2024-01-13 13:47:19 - [MESSAGE][PASSED] - Object: 'Object Repository/NavigationBar/dropdown_iconuser' is hovered

2024-01-13 13:47:19 - [TEST_STEP][PASSED] - click(findTestObject("Object Repository/NavigationBar/link_DangNhap")): Object: 'Object Repository/NavigationBar/link_DangNhap' is clicked on

2024-01-13 13:47:20 - [MESSAGE][PASSED] - Object: 'Object Repository/NavigationBar/link_DangNhap' is clicked on

2024-01-13 13:47:20 - [TEST_STEP][PASSED] - setText(findTestObject("Object Repository/Page_DangNhap/input_email"), Email): Text 'tuanle0903541031@gmail.com' is set on object 'Object Repository/Page_DangNhap/input_email'

2024-01-13 13:47:22 - [MESSAGE][PASSED] - Text 'tuanle0903541031@gmail.com' is set on object 'Object Repository/Page_DangNhap/input_email'

2024-01-13 13:47:22 - [TEST_STEP][PASSED] - setText(findTestObject("Object Repository/Page_DangNhap/input_password"), Password): Text 'P@ssword1' is set on object 'Object Repository/Page_DangNhap/input_password'

2024-01-13 13:47:23 - [MESSAGE][PASSED] - Text 'P@ssword1' is set on object 'Object Repository/Page_DangNhap/input_password'

2024-01-13 13:47:23 - [TEST_STEP][PASSED] - click(findTestObject("Object Repository/Page_DangNhap/button_DangNhap")): Object: 'Object Repository/Page_DangNhap/button_DangNhap' is clicked on

2024-01-13 13:47:25 - [MESSAGE][PASSED] - Object: 'Object Repository/Page_DangNhap/button_DangNhap' is clicked on

2024-01-13 13:47:25 - [TEST_STEP][PASSED] - waitForElementPresent(findTestObject("Page_TrangChu/button_TurnAdOff"), 5): Object 'Object Repository/Page_TrangChu/button_TurnAdOff' is present

2024-01-13 13:47:27 - [MESSAGE][PASSED] - Object 'Object Repository/Page_TrangChu/button_TurnAdOff' is present

2024-01-13 13:47:27 - [TEST_STEP][PASSED] - click(findTestObject("Object Repository/Page_TrangChu/button_TurnAdOff")): Object: 'Object Repository/Page_TrangChu/button_TurnAdOff' is clicked on

2024-01-13 13:47:28 - [MESSAGE][PASSED] - Object: 'Object Repository/Page_TrangChu/button_TurnAdOff' is clicked on

2024-01-13 13:47:28 - [TEST_STEP][PASSED] - mouseOver(findTestObject("NavigationBar/dropdown_iconuser")): Object: 'Object Repository/NavigationBar/dropdown_iconuser' is hovered

2024-01-13 13:47:29 - [MESSAGE][PASSED] - Object: 'Object Repository/NavigationBar/dropdown_iconuser' is hovered

2024-01-13 13:47:29 - [TEST_STEP][PASSED] - verifyElementPresent(findTestObject("NavigationBar/link_ThongTinUser"), 0): Object 'Object Repository/NavigationBar/link_ThongTinUser' is present

2024-01-13 13:47:29 - [MESSAGE][WARNING] - Timeout '0' is invalid. Using default page load timeout: '30'

2024-01-13 13:47:29 - [MESSAGE][PASSED] - Object 'Object Repository/NavigationBar/link_ThongTinUser' is present]]></system-out>
         <system-err><![CDATA[]]></system-err>
      </testcase>
      <system-out><![CDATA[2024-01-13 13:47:08 - [TEST_SUITE][PASSED] - New Test Suite: Test Cases/DangNhap/DangNhap_DieuKienEmailVaPassword_DapUng]]></system-out>
      <system-err><![CDATA[]]></system-err>
   </testsuite>
</testsuites>
