<?xml version="1.0" encoding="UTF-8"?>
<testsuites name="New Test Suite" time="154.003" tests="8" failures="0" errors="0">
   <testsuite name="New Test Suite" tests="8" failures="0" errors="0" time="154.003" skipped="0" timestamp="2024-01-13 16:56:41" hostname="DELL - DESKTOP-T835F3C" id="Test Suites/New Test Suite">
      <properties>
         <property name="deviceName" value=""/>
         <property name="devicePlatform" value=""/>
         <property name="logFolder" value="D:\\MONHOC\\DoAnTotNghiep_2\\automation_2\\truyenteen.me\\Reports\\20240113_165638\\New Test Suite\\20240113_165638"/>
         <property name="logFiles" value="D:\\MONHOC\\DoAnTotNghiep_2\\automation_2\\truyenteen.me\\Reports\\20240113_165638\\New Test Suite\\20240113_165638\\execution0.log"/>
         <property name="attachments" value=""/>
         <property name="hostName" value="DELL - DESKTOP-T835F3C"/>
         <property name="os" value="Windows 10 64bit"/>
         <property name="katalonVersion" value="8.6.8.208"/>
         <property name="browser" value="Chrome 120.0.0.0"/>
         <property name="hostAddress" value="192.168.85.1"/>
         <property name="sessionId" value="2883da3a8c5c00352b45eb945c3f5e7a"/>
         <property name="seleniumVersion" value="3.141.59"/>
         <property name="proxyInformation" value="ProxyInformation { proxyOption=NO_PROXY, proxyServerType=HTTP, username=, password=********, proxyServerAddress=, proxyServerPort=0, executionList=&quot;&quot;, isApplyToDesiredCapabilities=true }"/>
         <property name="platform" value="Windows 10"/>
      </properties>
      <testcase name="Test Cases/DangNhap/DangNhap_DieuKienEmailVaPassword_DapUng" time="22.664" classname="Test Cases/DangNhap/DangNhap_DieuKienEmailVaPassword_DapUng" status="PASSED">
         <system-out><![CDATA[2024-01-13 16:56:41 - [TEST_CASE][PASSED] - Test Cases/DangNhap/DangNhap_DieuKienEmailVaPassword_DapUng: Test Cases/DangNhap/DangNhap_DieuKienEmailVaPassword_DapUng

2024-01-13 16:56:42 - [TEST_STEP][PASSED] - openBrowser(""): Browser is opened with url: ''

2024-01-13 16:56:42 - [MESSAGE][INFO] - Starting 'Chrome' driver

2024-01-13 16:56:42 - [MESSAGE][INFO] - Action delay is set to 0 milliseconds

2024-01-13 16:56:45 - [MESSAGE][PASSED] - Browser is opened with url: ''

2024-01-13 16:56:45 - [TEST_STEP][PASSED] - navigateToUrl("https://truyenteen.me/"): Navigate to 'https://truyenteen.me/' successfully

2024-01-13 16:56:52 - [MESSAGE][PASSED] - Navigate to 'https://truyenteen.me/' successfully

2024-01-13 16:56:52 - [TEST_STEP][PASSED] - waitForElementPresent(findTestObject("Page_TrangChu/button_TurnAdOff"), 10): Object 'Object Repository/Page_TrangChu/button_TurnAdOff' is present

2024-01-13 16:56:52 - [MESSAGE][PASSED] - Object 'Object Repository/Page_TrangChu/button_TurnAdOff' is present

2024-01-13 16:56:52 - [TEST_STEP][PASSED] - click(findTestObject("Object Repository/Page_TrangChu/button_TurnAdOff")): Object: 'Object Repository/Page_TrangChu/button_TurnAdOff' is clicked on

2024-01-13 16:56:53 - [MESSAGE][PASSED] - Object: 'Object Repository/Page_TrangChu/button_TurnAdOff' is clicked on

2024-01-13 16:56:53 - [TEST_STEP][PASSED] - mouseOver(findTestObject("NavigationBar/dropdown_iconuser")): Object: 'Object Repository/NavigationBar/dropdown_iconuser' is hovered

2024-01-13 16:56:54 - [MESSAGE][PASSED] - Object: 'Object Repository/NavigationBar/dropdown_iconuser' is hovered

2024-01-13 16:56:54 - [TEST_STEP][PASSED] - waitForElementVisible(findTestObject("NavigationBar/link_DangNhap"), 10): Object 'Object Repository/NavigationBar/link_DangNhap' is visible

2024-01-13 16:56:55 - [MESSAGE][PASSED] - Object 'Object Repository/NavigationBar/link_DangNhap' is visible

2024-01-13 16:56:55 - [TEST_STEP][PASSED] - click(findTestObject("Object Repository/NavigationBar/link_DangNhap")): Object: 'Object Repository/NavigationBar/link_DangNhap' is clicked on

2024-01-13 16:56:56 - [MESSAGE][PASSED] - Object: 'Object Repository/NavigationBar/link_DangNhap' is clicked on

2024-01-13 16:56:56 - [TEST_STEP][PASSED] - setText(findTestObject("Object Repository/Page_DangNhap/input_email"), Email): Text 'tuanle0903541031@gmail.com' is set on object 'Object Repository/Page_DangNhap/input_email'

2024-01-13 16:56:57 - [MESSAGE][PASSED] - Text 'tuanle0903541031@gmail.com' is set on object 'Object Repository/Page_DangNhap/input_email'

2024-01-13 16:56:57 - [TEST_STEP][PASSED] - setText(findTestObject("Object Repository/Page_DangNhap/input_password"), Password): Text 'P@ssword1' is set on object 'Object Repository/Page_DangNhap/input_password'

2024-01-13 16:56:58 - [MESSAGE][PASSED] - Text 'P@ssword1' is set on object 'Object Repository/Page_DangNhap/input_password'

2024-01-13 16:56:58 - [TEST_STEP][PASSED] - click(findTestObject("Object Repository/Page_DangNhap/button_DangNhap")): Object: 'Object Repository/Page_DangNhap/button_DangNhap' is clicked on

2024-01-13 16:57:00 - [MESSAGE][PASSED] - Object: 'Object Repository/Page_DangNhap/button_DangNhap' is clicked on

2024-01-13 16:57:00 - [TEST_STEP][PASSED] - successLogin = waitForElementVisible(findTestObject("Page_TrangChu/button_TurnAdOff"), 5): Object 'Object Repository/Page_TrangChu/button_TurnAdOff' is visible

2024-01-13 16:57:01 - [MESSAGE][PASSED] - Object 'Object Repository/Page_TrangChu/button_TurnAdOff' is visible

2024-01-13 16:57:01 - [TEST_STEP][PASSED] - listOfCorrectAccount = GoodList.getData(): null

2024-01-13 16:57:01 - [TEST_STEP][PASSED] - if (successLogin): null

2024-01-13 16:57:01 - [TEST_STEP][PASSED] - click(findTestObject("Object Repository/Page_TrangChu/button_TurnAdOff")): Object: 'Object Repository/Page_TrangChu/button_TurnAdOff' is clicked on

2024-01-13 16:57:02 - [MESSAGE][PASSED] - Object: 'Object Repository/Page_TrangChu/button_TurnAdOff' is clicked on

2024-01-13 16:57:02 - [TEST_STEP][PASSED] - mouseOver(findTestObject("NavigationBar/dropdown_iconuser")): Object: 'Object Repository/NavigationBar/dropdown_iconuser' is hovered

2024-01-13 16:57:03 - [MESSAGE][PASSED] - Object: 'Object Repository/NavigationBar/dropdown_iconuser' is hovered

2024-01-13 16:57:03 - [TEST_STEP][PASSED] - verifyElementPresent(findTestObject("NavigationBar/link_ThongTinUser"), 5): Object 'Object Repository/NavigationBar/link_ThongTinUser' is present

2024-01-13 16:57:03 - [MESSAGE][PASSED] - Object 'Object Repository/NavigationBar/link_ThongTinUser' is present

2024-01-13 16:57:03 - [TEST_STEP][PASSED] - validAccount = listOfCorrectAccount.find({ java.lang.Object e -> ... }): null

2024-01-13 16:57:03 - [TEST_STEP][PASSED] - if (!(validAccount)): null

2024-01-13 16:57:03 - [TEST_STEP][PASSED] - closeBrowser(STOP_ON_FAILURE): Browser is closed

2024-01-13 16:57:04 - [MESSAGE][PASSED] - Browser is closed]]></system-out>
         <system-err><![CDATA[]]></system-err>
      </testcase>
      <testcase name="Test Cases/DangNhap/DangNhap_DieuKienEmailVaPassword_DapUng" time="17.395" classname="Test Cases/DangNhap/DangNhap_DieuKienEmailVaPassword_DapUng" status="PASSED">
         <system-out><![CDATA[2024-01-13 16:57:04 - [TEST_CASE][PASSED] - Test Cases/DangNhap/DangNhap_DieuKienEmailVaPassword_DapUng: Test Cases/DangNhap/DangNhap_DieuKienEmailVaPassword_DapUng

2024-01-13 16:57:04 - [TEST_STEP][PASSED] - openBrowser(""): Browser is opened with url: ''

2024-01-13 16:57:04 - [MESSAGE][INFO] - Starting 'Chrome' driver

2024-01-13 16:57:04 - [MESSAGE][INFO] - Action delay is set to 0 milliseconds

2024-01-13 16:57:06 - [MESSAGE][PASSED] - Browser is opened with url: ''

2024-01-13 16:57:06 - [TEST_STEP][PASSED] - navigateToUrl("https://truyenteen.me/"): Navigate to 'https://truyenteen.me/' successfully

2024-01-13 16:57:10 - [MESSAGE][PASSED] - Navigate to 'https://truyenteen.me/' successfully

2024-01-13 16:57:10 - [TEST_STEP][PASSED] - waitForElementPresent(findTestObject("Page_TrangChu/button_TurnAdOff"), 10): Object 'Object Repository/Page_TrangChu/button_TurnAdOff' is present

2024-01-13 16:57:11 - [MESSAGE][PASSED] - Object 'Object Repository/Page_TrangChu/button_TurnAdOff' is present

2024-01-13 16:57:11 - [TEST_STEP][PASSED] - click(findTestObject("Object Repository/Page_TrangChu/button_TurnAdOff")): Object: 'Object Repository/Page_TrangChu/button_TurnAdOff' is clicked on

2024-01-13 16:57:12 - [MESSAGE][PASSED] - Object: 'Object Repository/Page_TrangChu/button_TurnAdOff' is clicked on

2024-01-13 16:57:12 - [TEST_STEP][PASSED] - mouseOver(findTestObject("NavigationBar/dropdown_iconuser")): Object: 'Object Repository/NavigationBar/dropdown_iconuser' is hovered

2024-01-13 16:57:13 - [MESSAGE][PASSED] - Object: 'Object Repository/NavigationBar/dropdown_iconuser' is hovered

2024-01-13 16:57:13 - [TEST_STEP][PASSED] - waitForElementVisible(findTestObject("NavigationBar/link_DangNhap"), 10): Object 'Object Repository/NavigationBar/link_DangNhap' is visible

2024-01-13 16:57:13 - [MESSAGE][PASSED] - Object 'Object Repository/NavigationBar/link_DangNhap' is visible

2024-01-13 16:57:13 - [TEST_STEP][PASSED] - click(findTestObject("Object Repository/NavigationBar/link_DangNhap")): Object: 'Object Repository/NavigationBar/link_DangNhap' is clicked on

2024-01-13 16:57:14 - [MESSAGE][PASSED] - Object: 'Object Repository/NavigationBar/link_DangNhap' is clicked on

2024-01-13 16:57:14 - [TEST_STEP][PASSED] - setText(findTestObject("Object Repository/Page_DangNhap/input_email"), Email): Text 'tuanle0903541031@gmail.com' is set on object 'Object Repository/Page_DangNhap/input_email'

2024-01-13 16:57:15 - [MESSAGE][PASSED] - Text 'tuanle0903541031@gmail.com' is set on object 'Object Repository/Page_DangNhap/input_email'

2024-01-13 16:57:15 - [TEST_STEP][PASSED] - setText(findTestObject("Object Repository/Page_DangNhap/input_password"), Password): Text 'P@ssword1' is set on object 'Object Repository/Page_DangNhap/input_password'

2024-01-13 16:57:16 - [MESSAGE][PASSED] - Text 'P@ssword1' is set on object 'Object Repository/Page_DangNhap/input_password'

2024-01-13 16:57:16 - [TEST_STEP][PASSED] - click(findTestObject("Object Repository/Page_DangNhap/button_DangNhap")): Object: 'Object Repository/Page_DangNhap/button_DangNhap' is clicked on

2024-01-13 16:57:18 - [MESSAGE][PASSED] - Object: 'Object Repository/Page_DangNhap/button_DangNhap' is clicked on

2024-01-13 16:57:18 - [TEST_STEP][PASSED] - successLogin = waitForElementVisible(findTestObject("Page_TrangChu/button_TurnAdOff"), 5): Object 'Object Repository/Page_TrangChu/button_TurnAdOff' is visible

2024-01-13 16:57:18 - [MESSAGE][PASSED] - Object 'Object Repository/Page_TrangChu/button_TurnAdOff' is visible

2024-01-13 16:57:18 - [TEST_STEP][PASSED] - listOfCorrectAccount = GoodList.getData(): null

2024-01-13 16:57:18 - [TEST_STEP][PASSED] - if (successLogin): null

2024-01-13 16:57:18 - [TEST_STEP][PASSED] - click(findTestObject("Object Repository/Page_TrangChu/button_TurnAdOff")): Object: 'Object Repository/Page_TrangChu/button_TurnAdOff' is clicked on

2024-01-13 16:57:19 - [MESSAGE][PASSED] - Object: 'Object Repository/Page_TrangChu/button_TurnAdOff' is clicked on

2024-01-13 16:57:19 - [TEST_STEP][PASSED] - mouseOver(findTestObject("NavigationBar/dropdown_iconuser")): Object: 'Object Repository/NavigationBar/dropdown_iconuser' is hovered

2024-01-13 16:57:20 - [MESSAGE][PASSED] - Object: 'Object Repository/NavigationBar/dropdown_iconuser' is hovered

2024-01-13 16:57:20 - [TEST_STEP][PASSED] - verifyElementPresent(findTestObject("NavigationBar/link_ThongTinUser"), 5): Object 'Object Repository/NavigationBar/link_ThongTinUser' is present

2024-01-13 16:57:21 - [MESSAGE][PASSED] - Object 'Object Repository/NavigationBar/link_ThongTinUser' is present

2024-01-13 16:57:21 - [TEST_STEP][PASSED] - validAccount = listOfCorrectAccount.find({ java.lang.Object e -> ... }): null

2024-01-13 16:57:21 - [TEST_STEP][PASSED] - if (!(validAccount)): null

2024-01-13 16:57:21 - [TEST_STEP][PASSED] - closeBrowser(STOP_ON_FAILURE): Browser is closed

2024-01-13 16:57:21 - [MESSAGE][PASSED] - Browser is closed]]></system-out>
         <system-err><![CDATA[]]></system-err>
      </testcase>
      <testcase name="Test Cases/DangNhap/DangNhap_DieuKienEmailVaPassword_DapUng" time="18.923" classname="Test Cases/DangNhap/DangNhap_DieuKienEmailVaPassword_DapUng" status="PASSED">
         <system-out><![CDATA[2024-01-13 16:57:21 - [TEST_CASE][PASSED] - Test Cases/DangNhap/DangNhap_DieuKienEmailVaPassword_DapUng: Test Cases/DangNhap/DangNhap_DieuKienEmailVaPassword_DapUng

2024-01-13 16:57:21 - [TEST_STEP][PASSED] - openBrowser(""): Browser is opened with url: ''

2024-01-13 16:57:21 - [MESSAGE][INFO] - Starting 'Chrome' driver

2024-01-13 16:57:21 - [MESSAGE][INFO] - Action delay is set to 0 milliseconds

2024-01-13 16:57:23 - [MESSAGE][PASSED] - Browser is opened with url: ''

2024-01-13 16:57:23 - [TEST_STEP][PASSED] - navigateToUrl("https://truyenteen.me/"): Navigate to 'https://truyenteen.me/' successfully

2024-01-13 16:57:27 - [MESSAGE][PASSED] - Navigate to 'https://truyenteen.me/' successfully

2024-01-13 16:57:27 - [TEST_STEP][PASSED] - waitForElementPresent(findTestObject("Page_TrangChu/button_TurnAdOff"), 10): Object 'Object Repository/Page_TrangChu/button_TurnAdOff' is present

2024-01-13 16:57:28 - [MESSAGE][PASSED] - Object 'Object Repository/Page_TrangChu/button_TurnAdOff' is present

2024-01-13 16:57:28 - [TEST_STEP][PASSED] - click(findTestObject("Object Repository/Page_TrangChu/button_TurnAdOff")): Object: 'Object Repository/Page_TrangChu/button_TurnAdOff' is clicked on

2024-01-13 16:57:29 - [MESSAGE][PASSED] - Object: 'Object Repository/Page_TrangChu/button_TurnAdOff' is clicked on

2024-01-13 16:57:29 - [TEST_STEP][PASSED] - mouseOver(findTestObject("NavigationBar/dropdown_iconuser")): Object: 'Object Repository/NavigationBar/dropdown_iconuser' is hovered

2024-01-13 16:57:30 - [MESSAGE][PASSED] - Object: 'Object Repository/NavigationBar/dropdown_iconuser' is hovered

2024-01-13 16:57:30 - [TEST_STEP][PASSED] - waitForElementVisible(findTestObject("NavigationBar/link_DangNhap"), 10): Object 'Object Repository/NavigationBar/link_DangNhap' is visible

2024-01-13 16:57:30 - [MESSAGE][PASSED] - Object 'Object Repository/NavigationBar/link_DangNhap' is visible

2024-01-13 16:57:30 - [TEST_STEP][PASSED] - click(findTestObject("Object Repository/NavigationBar/link_DangNhap")): Object: 'Object Repository/NavigationBar/link_DangNhap' is clicked on

2024-01-13 16:57:31 - [MESSAGE][PASSED] - Object: 'Object Repository/NavigationBar/link_DangNhap' is clicked on

2024-01-13 16:57:31 - [TEST_STEP][PASSED] - setText(findTestObject("Object Repository/Page_DangNhap/input_email"), Email): Text 'tuanle0903541031@gmail.com' is set on object 'Object Repository/Page_DangNhap/input_email'

2024-01-13 16:57:32 - [MESSAGE][PASSED] - Text 'tuanle0903541031@gmail.com' is set on object 'Object Repository/Page_DangNhap/input_email'

2024-01-13 16:57:32 - [TEST_STEP][PASSED] - setText(findTestObject("Object Repository/Page_DangNhap/input_password"), Password): Text '' is set on object 'Object Repository/Page_DangNhap/input_password'

2024-01-13 16:57:33 - [MESSAGE][PASSED] - Text '' is set on object 'Object Repository/Page_DangNhap/input_password'

2024-01-13 16:57:33 - [TEST_STEP][PASSED] - click(findTestObject("Object Repository/Page_DangNhap/button_DangNhap")): Object: 'Object Repository/Page_DangNhap/button_DangNhap' is clicked on

2024-01-13 16:57:34 - [MESSAGE][PASSED] - Object: 'Object Repository/Page_DangNhap/button_DangNhap' is clicked on

2024-01-13 16:57:34 - [TEST_STEP][PASSED] - successLogin = waitForElementVisible(findTestObject("Page_TrangChu/button_TurnAdOff"), 5): Object 'Object Repository/Page_TrangChu/button_TurnAdOff' is not visible after 5 second(s)

2024-01-13 16:57:39 - [MESSAGE][WARNING] - Object 'Object Repository/Page_TrangChu/button_TurnAdOff' is not visible after 5 second(s)

2024-01-13 16:57:39 - [TEST_STEP][PASSED] - listOfCorrectAccount = GoodList.getData(): null

2024-01-13 16:57:39 - [TEST_STEP][PASSED] - if (successLogin): null

2024-01-13 16:57:39 - [TEST_STEP][PASSED] - else: null

2024-01-13 16:57:39 - [TEST_STEP][PASSED] - validAccount = listOfCorrectAccount.find({ java.lang.Object e -> ... }): null

2024-01-13 16:57:39 - [TEST_STEP][PASSED] - if (validAccount): null

2024-01-13 16:57:39 - [TEST_STEP][PASSED] - closeBrowser(STOP_ON_FAILURE): Browser is closed

2024-01-13 16:57:40 - [MESSAGE][PASSED] - Browser is closed]]></system-out>
         <system-err><![CDATA[]]></system-err>
      </testcase>
      <testcase name="Test Cases/DangNhap/DangNhap_DieuKienEmailVaPassword_DapUng" time="18.632" classname="Test Cases/DangNhap/DangNhap_DieuKienEmailVaPassword_DapUng" status="PASSED">
         <system-out><![CDATA[2024-01-13 16:57:40 - [TEST_CASE][PASSED] - Test Cases/DangNhap/DangNhap_DieuKienEmailVaPassword_DapUng: Test Cases/DangNhap/DangNhap_DieuKienEmailVaPassword_DapUng

2024-01-13 16:57:40 - [TEST_STEP][PASSED] - openBrowser(""): Browser is opened with url: ''

2024-01-13 16:57:40 - [MESSAGE][INFO] - Starting 'Chrome' driver

2024-01-13 16:57:40 - [MESSAGE][INFO] - Action delay is set to 0 milliseconds

2024-01-13 16:57:42 - [MESSAGE][PASSED] - Browser is opened with url: ''

2024-01-13 16:57:42 - [TEST_STEP][PASSED] - navigateToUrl("https://truyenteen.me/"): Navigate to 'https://truyenteen.me/' successfully

2024-01-13 16:57:46 - [MESSAGE][PASSED] - Navigate to 'https://truyenteen.me/' successfully

2024-01-13 16:57:46 - [TEST_STEP][PASSED] - waitForElementPresent(findTestObject("Page_TrangChu/button_TurnAdOff"), 10): Object 'Object Repository/Page_TrangChu/button_TurnAdOff' is present

2024-01-13 16:57:47 - [MESSAGE][PASSED] - Object 'Object Repository/Page_TrangChu/button_TurnAdOff' is present

2024-01-13 16:57:47 - [TEST_STEP][PASSED] - click(findTestObject("Object Repository/Page_TrangChu/button_TurnAdOff")): Object: 'Object Repository/Page_TrangChu/button_TurnAdOff' is clicked on

2024-01-13 16:57:47 - [MESSAGE][PASSED] - Object: 'Object Repository/Page_TrangChu/button_TurnAdOff' is clicked on

2024-01-13 16:57:47 - [TEST_STEP][PASSED] - mouseOver(findTestObject("NavigationBar/dropdown_iconuser")): Object: 'Object Repository/NavigationBar/dropdown_iconuser' is hovered

2024-01-13 16:57:48 - [MESSAGE][PASSED] - Object: 'Object Repository/NavigationBar/dropdown_iconuser' is hovered

2024-01-13 16:57:48 - [TEST_STEP][PASSED] - waitForElementVisible(findTestObject("NavigationBar/link_DangNhap"), 10): Object 'Object Repository/NavigationBar/link_DangNhap' is visible

2024-01-13 16:57:49 - [MESSAGE][PASSED] - Object 'Object Repository/NavigationBar/link_DangNhap' is visible

2024-01-13 16:57:49 - [TEST_STEP][PASSED] - click(findTestObject("Object Repository/NavigationBar/link_DangNhap")): Object: 'Object Repository/NavigationBar/link_DangNhap' is clicked on

2024-01-13 16:57:49 - [MESSAGE][PASSED] - Object: 'Object Repository/NavigationBar/link_DangNhap' is clicked on

2024-01-13 16:57:49 - [TEST_STEP][PASSED] - setText(findTestObject("Object Repository/Page_DangNhap/input_email"), Email): Text '' is set on object 'Object Repository/Page_DangNhap/input_email'

2024-01-13 16:57:51 - [MESSAGE][PASSED] - Text '' is set on object 'Object Repository/Page_DangNhap/input_email'

2024-01-13 16:57:51 - [TEST_STEP][PASSED] - setText(findTestObject("Object Repository/Page_DangNhap/input_password"), Password): Text 'P@ssword1' is set on object 'Object Repository/Page_DangNhap/input_password'

2024-01-13 16:57:52 - [MESSAGE][PASSED] - Text 'P@ssword1' is set on object 'Object Repository/Page_DangNhap/input_password'

2024-01-13 16:57:52 - [TEST_STEP][PASSED] - click(findTestObject("Object Repository/Page_DangNhap/button_DangNhap")): Object: 'Object Repository/Page_DangNhap/button_DangNhap' is clicked on

2024-01-13 16:57:52 - [MESSAGE][PASSED] - Object: 'Object Repository/Page_DangNhap/button_DangNhap' is clicked on

2024-01-13 16:57:52 - [TEST_STEP][PASSED] - successLogin = waitForElementVisible(findTestObject("Page_TrangChu/button_TurnAdOff"), 5): Object 'Object Repository/Page_TrangChu/button_TurnAdOff' is not visible after 5 second(s)

2024-01-13 16:57:58 - [MESSAGE][WARNING] - Object 'Object Repository/Page_TrangChu/button_TurnAdOff' is not visible after 5 second(s)

2024-01-13 16:57:58 - [TEST_STEP][PASSED] - listOfCorrectAccount = GoodList.getData(): null

2024-01-13 16:57:58 - [TEST_STEP][PASSED] - if (successLogin): null

2024-01-13 16:57:58 - [TEST_STEP][PASSED] - else: null

2024-01-13 16:57:58 - [TEST_STEP][PASSED] - validAccount = listOfCorrectAccount.find({ java.lang.Object e -> ... }): null

2024-01-13 16:57:58 - [TEST_STEP][PASSED] - if (validAccount): null

2024-01-13 16:57:58 - [TEST_STEP][PASSED] - closeBrowser(STOP_ON_FAILURE): Browser is closed

2024-01-13 16:57:59 - [MESSAGE][PASSED] - Browser is closed]]></system-out>
         <system-err><![CDATA[]]></system-err>
      </testcase>
      <testcase name="Test Cases/DangNhap/DangNhap_DieuKienEmailVaPassword_DapUng" time="18.811" classname="Test Cases/DangNhap/DangNhap_DieuKienEmailVaPassword_DapUng" status="PASSED">
         <system-out><![CDATA[2024-01-13 16:57:59 - [TEST_CASE][PASSED] - Test Cases/DangNhap/DangNhap_DieuKienEmailVaPassword_DapUng: Test Cases/DangNhap/DangNhap_DieuKienEmailVaPassword_DapUng

2024-01-13 16:57:59 - [TEST_STEP][PASSED] - openBrowser(""): Browser is opened with url: ''

2024-01-13 16:57:59 - [MESSAGE][INFO] - Starting 'Chrome' driver

2024-01-13 16:57:59 - [MESSAGE][INFO] - Action delay is set to 0 milliseconds

2024-01-13 16:58:01 - [MESSAGE][PASSED] - Browser is opened with url: ''

2024-01-13 16:58:01 - [TEST_STEP][PASSED] - navigateToUrl("https://truyenteen.me/"): Navigate to 'https://truyenteen.me/' successfully

2024-01-13 16:58:05 - [MESSAGE][PASSED] - Navigate to 'https://truyenteen.me/' successfully

2024-01-13 16:58:05 - [TEST_STEP][PASSED] - waitForElementPresent(findTestObject("Page_TrangChu/button_TurnAdOff"), 10): Object 'Object Repository/Page_TrangChu/button_TurnAdOff' is present

2024-01-13 16:58:05 - [MESSAGE][PASSED] - Object 'Object Repository/Page_TrangChu/button_TurnAdOff' is present

2024-01-13 16:58:05 - [TEST_STEP][PASSED] - click(findTestObject("Object Repository/Page_TrangChu/button_TurnAdOff")): Object: 'Object Repository/Page_TrangChu/button_TurnAdOff' is clicked on

2024-01-13 16:58:06 - [MESSAGE][PASSED] - Object: 'Object Repository/Page_TrangChu/button_TurnAdOff' is clicked on

2024-01-13 16:58:06 - [TEST_STEP][PASSED] - mouseOver(findTestObject("NavigationBar/dropdown_iconuser")): Object: 'Object Repository/NavigationBar/dropdown_iconuser' is hovered

2024-01-13 16:58:07 - [MESSAGE][PASSED] - Object: 'Object Repository/NavigationBar/dropdown_iconuser' is hovered

2024-01-13 16:58:07 - [TEST_STEP][PASSED] - waitForElementVisible(findTestObject("NavigationBar/link_DangNhap"), 10): Object 'Object Repository/NavigationBar/link_DangNhap' is visible

2024-01-13 16:58:07 - [MESSAGE][PASSED] - Object 'Object Repository/NavigationBar/link_DangNhap' is visible

2024-01-13 16:58:07 - [TEST_STEP][PASSED] - click(findTestObject("Object Repository/NavigationBar/link_DangNhap")): Object: 'Object Repository/NavigationBar/link_DangNhap' is clicked on

2024-01-13 16:58:08 - [MESSAGE][PASSED] - Object: 'Object Repository/NavigationBar/link_DangNhap' is clicked on

2024-01-13 16:58:08 - [TEST_STEP][PASSED] - setText(findTestObject("Object Repository/Page_DangNhap/input_email"), Email): Text 'tuanle09035410@gmail.com' is set on object 'Object Repository/Page_DangNhap/input_email'

2024-01-13 16:58:09 - [MESSAGE][PASSED] - Text 'tuanle09035410@gmail.com' is set on object 'Object Repository/Page_DangNhap/input_email'

2024-01-13 16:58:09 - [TEST_STEP][PASSED] - setText(findTestObject("Object Repository/Page_DangNhap/input_password"), Password): Text 'P@ssword1' is set on object 'Object Repository/Page_DangNhap/input_password'

2024-01-13 16:58:10 - [MESSAGE][PASSED] - Text 'P@ssword1' is set on object 'Object Repository/Page_DangNhap/input_password'

2024-01-13 16:58:10 - [TEST_STEP][PASSED] - click(findTestObject("Object Repository/Page_DangNhap/button_DangNhap")): Object: 'Object Repository/Page_DangNhap/button_DangNhap' is clicked on

2024-01-13 16:58:11 - [MESSAGE][PASSED] - Object: 'Object Repository/Page_DangNhap/button_DangNhap' is clicked on

2024-01-13 16:58:11 - [TEST_STEP][PASSED] - successLogin = waitForElementVisible(findTestObject("Page_TrangChu/button_TurnAdOff"), 5): Object 'Object Repository/Page_TrangChu/button_TurnAdOff' is not visible after 5 second(s)

2024-01-13 16:58:17 - [MESSAGE][WARNING] - Object 'Object Repository/Page_TrangChu/button_TurnAdOff' is not visible after 5 second(s)

2024-01-13 16:58:17 - [TEST_STEP][PASSED] - listOfCorrectAccount = GoodList.getData(): null

2024-01-13 16:58:17 - [TEST_STEP][PASSED] - if (successLogin): null

2024-01-13 16:58:17 - [TEST_STEP][PASSED] - else: null

2024-01-13 16:58:17 - [TEST_STEP][PASSED] - validAccount = listOfCorrectAccount.find({ java.lang.Object e -> ... }): null

2024-01-13 16:58:17 - [TEST_STEP][PASSED] - if (validAccount): null

2024-01-13 16:58:17 - [TEST_STEP][PASSED] - closeBrowser(STOP_ON_FAILURE): Browser is closed

2024-01-13 16:58:18 - [MESSAGE][PASSED] - Browser is closed]]></system-out>
         <system-err><![CDATA[]]></system-err>
      </testcase>
      <testcase name="Test Cases/DangNhap/DangNhap_DieuKienEmailVaPassword_DapUng" time="18.881" classname="Test Cases/DangNhap/DangNhap_DieuKienEmailVaPassword_DapUng" status="PASSED">
         <system-out><![CDATA[2024-01-13 16:58:18 - [TEST_CASE][PASSED] - Test Cases/DangNhap/DangNhap_DieuKienEmailVaPassword_DapUng: Test Cases/DangNhap/DangNhap_DieuKienEmailVaPassword_DapUng

2024-01-13 16:58:18 - [TEST_STEP][PASSED] - openBrowser(""): Browser is opened with url: ''

2024-01-13 16:58:18 - [MESSAGE][INFO] - Starting 'Chrome' driver

2024-01-13 16:58:18 - [MESSAGE][INFO] - Action delay is set to 0 milliseconds

2024-01-13 16:58:20 - [MESSAGE][PASSED] - Browser is opened with url: ''

2024-01-13 16:58:20 - [TEST_STEP][PASSED] - navigateToUrl("https://truyenteen.me/"): Navigate to 'https://truyenteen.me/' successfully

2024-01-13 16:58:24 - [MESSAGE][PASSED] - Navigate to 'https://truyenteen.me/' successfully

2024-01-13 16:58:24 - [TEST_STEP][PASSED] - waitForElementPresent(findTestObject("Page_TrangChu/button_TurnAdOff"), 10): Object 'Object Repository/Page_TrangChu/button_TurnAdOff' is present

2024-01-13 16:58:24 - [MESSAGE][PASSED] - Object 'Object Repository/Page_TrangChu/button_TurnAdOff' is present

2024-01-13 16:58:24 - [TEST_STEP][PASSED] - click(findTestObject("Object Repository/Page_TrangChu/button_TurnAdOff")): Object: 'Object Repository/Page_TrangChu/button_TurnAdOff' is clicked on

2024-01-13 16:58:25 - [MESSAGE][PASSED] - Object: 'Object Repository/Page_TrangChu/button_TurnAdOff' is clicked on

2024-01-13 16:58:25 - [TEST_STEP][PASSED] - mouseOver(findTestObject("NavigationBar/dropdown_iconuser")): Object: 'Object Repository/NavigationBar/dropdown_iconuser' is hovered

2024-01-13 16:58:26 - [MESSAGE][PASSED] - Object: 'Object Repository/NavigationBar/dropdown_iconuser' is hovered

2024-01-13 16:58:26 - [TEST_STEP][PASSED] - waitForElementVisible(findTestObject("NavigationBar/link_DangNhap"), 10): Object 'Object Repository/NavigationBar/link_DangNhap' is visible

2024-01-13 16:58:26 - [MESSAGE][PASSED] - Object 'Object Repository/NavigationBar/link_DangNhap' is visible

2024-01-13 16:58:26 - [TEST_STEP][PASSED] - click(findTestObject("Object Repository/NavigationBar/link_DangNhap")): Object: 'Object Repository/NavigationBar/link_DangNhap' is clicked on

2024-01-13 16:58:27 - [MESSAGE][PASSED] - Object: 'Object Repository/NavigationBar/link_DangNhap' is clicked on

2024-01-13 16:58:27 - [TEST_STEP][PASSED] - setText(findTestObject("Object Repository/Page_DangNhap/input_email"), Email): Text 'tuanle0903541031@gmail.com' is set on object 'Object Repository/Page_DangNhap/input_email'

2024-01-13 16:58:28 - [MESSAGE][PASSED] - Text 'tuanle0903541031@gmail.com' is set on object 'Object Repository/Page_DangNhap/input_email'

2024-01-13 16:58:28 - [TEST_STEP][PASSED] - setText(findTestObject("Object Repository/Page_DangNhap/input_password"), Password): Text 'P@ssword111' is set on object 'Object Repository/Page_DangNhap/input_password'

2024-01-13 16:58:29 - [MESSAGE][PASSED] - Text 'P@ssword111' is set on object 'Object Repository/Page_DangNhap/input_password'

2024-01-13 16:58:29 - [TEST_STEP][PASSED] - click(findTestObject("Object Repository/Page_DangNhap/button_DangNhap")): Object: 'Object Repository/Page_DangNhap/button_DangNhap' is clicked on

2024-01-13 16:58:30 - [MESSAGE][PASSED] - Object: 'Object Repository/Page_DangNhap/button_DangNhap' is clicked on

2024-01-13 16:58:30 - [TEST_STEP][PASSED] - successLogin = waitForElementVisible(findTestObject("Page_TrangChu/button_TurnAdOff"), 5): Object 'Object Repository/Page_TrangChu/button_TurnAdOff' is not visible after 5 second(s)

2024-01-13 16:58:36 - [MESSAGE][WARNING] - Object 'Object Repository/Page_TrangChu/button_TurnAdOff' is not visible after 5 second(s)

2024-01-13 16:58:36 - [TEST_STEP][PASSED] - listOfCorrectAccount = GoodList.getData(): null

2024-01-13 16:58:36 - [TEST_STEP][PASSED] - if (successLogin): null

2024-01-13 16:58:36 - [TEST_STEP][PASSED] - else: null

2024-01-13 16:58:36 - [TEST_STEP][PASSED] - validAccount = listOfCorrectAccount.find({ java.lang.Object e -> ... }): null

2024-01-13 16:58:36 - [TEST_STEP][PASSED] - if (validAccount): null

2024-01-13 16:58:36 - [TEST_STEP][PASSED] - closeBrowser(STOP_ON_FAILURE): Browser is closed

2024-01-13 16:58:37 - [MESSAGE][PASSED] - Browser is closed]]></system-out>
         <system-err><![CDATA[]]></system-err>
      </testcase>
      <testcase name="Test Cases/DangNhap/DangNhap_DieuKienEmailVaPassword_DapUng" time="19.266" classname="Test Cases/DangNhap/DangNhap_DieuKienEmailVaPassword_DapUng" status="PASSED">
         <system-out><![CDATA[2024-01-13 16:58:37 - [TEST_CASE][PASSED] - Test Cases/DangNhap/DangNhap_DieuKienEmailVaPassword_DapUng: Test Cases/DangNhap/DangNhap_DieuKienEmailVaPassword_DapUng

2024-01-13 16:58:37 - [TEST_STEP][PASSED] - openBrowser(""): Browser is opened with url: ''

2024-01-13 16:58:37 - [MESSAGE][INFO] - Starting 'Chrome' driver

2024-01-13 16:58:37 - [MESSAGE][INFO] - Action delay is set to 0 milliseconds

2024-01-13 16:58:38 - [MESSAGE][PASSED] - Browser is opened with url: ''

2024-01-13 16:58:38 - [TEST_STEP][PASSED] - navigateToUrl("https://truyenteen.me/"): Navigate to 'https://truyenteen.me/' successfully

2024-01-13 16:58:43 - [MESSAGE][PASSED] - Navigate to 'https://truyenteen.me/' successfully

2024-01-13 16:58:43 - [TEST_STEP][PASSED] - waitForElementPresent(findTestObject("Page_TrangChu/button_TurnAdOff"), 10): Object 'Object Repository/Page_TrangChu/button_TurnAdOff' is present

2024-01-13 16:58:44 - [MESSAGE][PASSED] - Object 'Object Repository/Page_TrangChu/button_TurnAdOff' is present

2024-01-13 16:58:44 - [TEST_STEP][PASSED] - click(findTestObject("Object Repository/Page_TrangChu/button_TurnAdOff")): Object: 'Object Repository/Page_TrangChu/button_TurnAdOff' is clicked on

2024-01-13 16:58:44 - [MESSAGE][PASSED] - Object: 'Object Repository/Page_TrangChu/button_TurnAdOff' is clicked on

2024-01-13 16:58:44 - [TEST_STEP][PASSED] - mouseOver(findTestObject("NavigationBar/dropdown_iconuser")): Object: 'Object Repository/NavigationBar/dropdown_iconuser' is hovered

2024-01-13 16:58:45 - [MESSAGE][PASSED] - Object: 'Object Repository/NavigationBar/dropdown_iconuser' is hovered

2024-01-13 16:58:45 - [TEST_STEP][PASSED] - waitForElementVisible(findTestObject("NavigationBar/link_DangNhap"), 10): Object 'Object Repository/NavigationBar/link_DangNhap' is visible

2024-01-13 16:58:46 - [MESSAGE][PASSED] - Object 'Object Repository/NavigationBar/link_DangNhap' is visible

2024-01-13 16:58:46 - [TEST_STEP][PASSED] - click(findTestObject("Object Repository/NavigationBar/link_DangNhap")): Object: 'Object Repository/NavigationBar/link_DangNhap' is clicked on

2024-01-13 16:58:46 - [MESSAGE][PASSED] - Object: 'Object Repository/NavigationBar/link_DangNhap' is clicked on

2024-01-13 16:58:46 - [TEST_STEP][PASSED] - setText(findTestObject("Object Repository/Page_DangNhap/input_email"), Email): Text 'tuanle0903541031' is set on object 'Object Repository/Page_DangNhap/input_email'

2024-01-13 16:58:48 - [MESSAGE][PASSED] - Text 'tuanle0903541031' is set on object 'Object Repository/Page_DangNhap/input_email'

2024-01-13 16:58:48 - [TEST_STEP][PASSED] - setText(findTestObject("Object Repository/Page_DangNhap/input_password"), Password): Text 'P@ssword1' is set on object 'Object Repository/Page_DangNhap/input_password'

2024-01-13 16:58:48 - [MESSAGE][PASSED] - Text 'P@ssword1' is set on object 'Object Repository/Page_DangNhap/input_password'

2024-01-13 16:58:48 - [TEST_STEP][PASSED] - click(findTestObject("Object Repository/Page_DangNhap/button_DangNhap")): Object: 'Object Repository/Page_DangNhap/button_DangNhap' is clicked on

2024-01-13 16:58:49 - [MESSAGE][PASSED] - Object: 'Object Repository/Page_DangNhap/button_DangNhap' is clicked on

2024-01-13 16:58:49 - [TEST_STEP][PASSED] - successLogin = waitForElementVisible(findTestObject("Page_TrangChu/button_TurnAdOff"), 5): Object 'Object Repository/Page_TrangChu/button_TurnAdOff' is not visible after 5 second(s)

2024-01-13 16:58:55 - [MESSAGE][WARNING] - Object 'Object Repository/Page_TrangChu/button_TurnAdOff' is not visible after 5 second(s)

2024-01-13 16:58:55 - [TEST_STEP][PASSED] - listOfCorrectAccount = GoodList.getData(): null

2024-01-13 16:58:55 - [TEST_STEP][PASSED] - if (successLogin): null

2024-01-13 16:58:55 - [TEST_STEP][PASSED] - else: null

2024-01-13 16:58:55 - [TEST_STEP][PASSED] - validAccount = listOfCorrectAccount.find({ java.lang.Object e -> ... }): null

2024-01-13 16:58:55 - [TEST_STEP][PASSED] - if (validAccount): null

2024-01-13 16:58:55 - [TEST_STEP][PASSED] - closeBrowser(STOP_ON_FAILURE): Browser is closed

2024-01-13 16:58:56 - [MESSAGE][PASSED] - Browser is closed]]></system-out>
         <system-err><![CDATA[]]></system-err>
      </testcase>
      <testcase name="Test Cases/DangNhap/DangNhap_DieuKienEmailVaPassword_DapUng" time="18.8" classname="Test Cases/DangNhap/DangNhap_DieuKienEmailVaPassword_DapUng" status="PASSED">
         <system-out><![CDATA[2024-01-13 16:58:56 - [TEST_CASE][PASSED] - Test Cases/DangNhap/DangNhap_DieuKienEmailVaPassword_DapUng: Test Cases/DangNhap/DangNhap_DieuKienEmailVaPassword_DapUng

2024-01-13 16:58:56 - [TEST_STEP][PASSED] - openBrowser(""): Browser is opened with url: ''

2024-01-13 16:58:56 - [MESSAGE][INFO] - Starting 'Chrome' driver

2024-01-13 16:58:56 - [MESSAGE][INFO] - Action delay is set to 0 milliseconds

2024-01-13 16:58:58 - [MESSAGE][PASSED] - Browser is opened with url: ''

2024-01-13 16:58:58 - [TEST_STEP][PASSED] - navigateToUrl("https://truyenteen.me/"): Navigate to 'https://truyenteen.me/' successfully

2024-01-13 16:59:02 - [MESSAGE][PASSED] - Navigate to 'https://truyenteen.me/' successfully

2024-01-13 16:59:02 - [TEST_STEP][PASSED] - waitForElementPresent(findTestObject("Page_TrangChu/button_TurnAdOff"), 10): Object 'Object Repository/Page_TrangChu/button_TurnAdOff' is present

2024-01-13 16:59:03 - [MESSAGE][PASSED] - Object 'Object Repository/Page_TrangChu/button_TurnAdOff' is present

2024-01-13 16:59:03 - [TEST_STEP][PASSED] - click(findTestObject("Object Repository/Page_TrangChu/button_TurnAdOff")): Object: 'Object Repository/Page_TrangChu/button_TurnAdOff' is clicked on

2024-01-13 16:59:03 - [MESSAGE][PASSED] - Object: 'Object Repository/Page_TrangChu/button_TurnAdOff' is clicked on

2024-01-13 16:59:03 - [TEST_STEP][PASSED] - mouseOver(findTestObject("NavigationBar/dropdown_iconuser")): Object: 'Object Repository/NavigationBar/dropdown_iconuser' is hovered

2024-01-13 16:59:04 - [MESSAGE][PASSED] - Object: 'Object Repository/NavigationBar/dropdown_iconuser' is hovered

2024-01-13 16:59:04 - [TEST_STEP][PASSED] - waitForElementVisible(findTestObject("NavigationBar/link_DangNhap"), 10): Object 'Object Repository/NavigationBar/link_DangNhap' is visible

2024-01-13 16:59:05 - [MESSAGE][PASSED] - Object 'Object Repository/NavigationBar/link_DangNhap' is visible

2024-01-13 16:59:05 - [TEST_STEP][PASSED] - click(findTestObject("Object Repository/NavigationBar/link_DangNhap")): Object: 'Object Repository/NavigationBar/link_DangNhap' is clicked on

2024-01-13 16:59:05 - [MESSAGE][PASSED] - Object: 'Object Repository/NavigationBar/link_DangNhap' is clicked on

2024-01-13 16:59:05 - [TEST_STEP][PASSED] - setText(findTestObject("Object Repository/Page_DangNhap/input_email"), Email): Text '' is set on object 'Object Repository/Page_DangNhap/input_email'

2024-01-13 16:59:07 - [MESSAGE][PASSED] - Text '' is set on object 'Object Repository/Page_DangNhap/input_email'

2024-01-13 16:59:07 - [TEST_STEP][PASSED] - setText(findTestObject("Object Repository/Page_DangNhap/input_password"), Password): Text '' is set on object 'Object Repository/Page_DangNhap/input_password'

2024-01-13 16:59:08 - [MESSAGE][PASSED] - Text '' is set on object 'Object Repository/Page_DangNhap/input_password'

2024-01-13 16:59:08 - [TEST_STEP][PASSED] - click(findTestObject("Object Repository/Page_DangNhap/button_DangNhap")): Object: 'Object Repository/Page_DangNhap/button_DangNhap' is clicked on

2024-01-13 16:59:08 - [MESSAGE][PASSED] - Object: 'Object Repository/Page_DangNhap/button_DangNhap' is clicked on

2024-01-13 16:59:08 - [TEST_STEP][PASSED] - successLogin = waitForElementVisible(findTestObject("Page_TrangChu/button_TurnAdOff"), 5): Object 'Object Repository/Page_TrangChu/button_TurnAdOff' is not visible after 5 second(s)

2024-01-13 16:59:14 - [MESSAGE][WARNING] - Object 'Object Repository/Page_TrangChu/button_TurnAdOff' is not visible after 5 second(s)

2024-01-13 16:59:14 - [TEST_STEP][PASSED] - listOfCorrectAccount = GoodList.getData(): null

2024-01-13 16:59:14 - [TEST_STEP][PASSED] - if (successLogin): null

2024-01-13 16:59:14 - [TEST_STEP][PASSED] - else: null

2024-01-13 16:59:14 - [TEST_STEP][PASSED] - validAccount = listOfCorrectAccount.find({ java.lang.Object e -> ... }): null

2024-01-13 16:59:14 - [TEST_STEP][PASSED] - if (validAccount): null

2024-01-13 16:59:14 - [TEST_STEP][PASSED] - closeBrowser(STOP_ON_FAILURE): Browser is closed

2024-01-13 16:59:15 - [MESSAGE][PASSED] - Browser is closed]]></system-out>
         <system-err><![CDATA[]]></system-err>
      </testcase>
      <system-out><![CDATA[2024-01-13 16:56:41 - [TEST_SUITE][PASSED] - New Test Suite: Test Cases/DangNhap/DangNhap_DieuKienEmailVaPassword_DapUng]]></system-out>
      <system-err><![CDATA[]]></system-err>
   </testsuite>
</testsuites>
